<?xml version="1.0" encoding="UTF-8"?>
<testng-results skipped="0" failed="0" total="2" passed="2">
  <reporter-output>
  </reporter-output>
  <suite name="Free CRM Application Test Automation Test Suite" duration-ms="151455" started-at="2021-03-16T07:38:38Z" finished-at="2021-03-16T07:41:10Z">
    <groups>
    </groups>
    <test name="Free CRM App test cases" duration-ms="151455" started-at="2021-03-16T07:38:38Z" finished-at="2021-03-16T07:41:10Z">
      <class name="com.app.qa.testcases.LoginPageTest">
        <test-method status="PASS" signature="Setup()[pri:0, instance:com.app.qa.testcases.LoginPageTest@161b062a]" name="Setup" is-config="true" duration-ms="68250" started-at="2021-03-16T13:08:39Z" finished-at="2021-03-16T13:09:47Z">
          <reporter-output>
          </reporter-output>
        </test-method> <!-- Setup -->
        <test-method status="PASS" signature="LoginPageTitleTest()[pri:0, instance:com.app.qa.testcases.LoginPageTest@161b062a]" name="LoginPageTitleTest" duration-ms="446" started-at="2021-03-16T13:09:47Z" finished-at="2021-03-16T13:09:47Z">
          <reporter-output>
          </reporter-output>
        </test-method> <!-- LoginPageTitleTest -->
        <test-method status="PASS" signature="tearDown()[pri:0, instance:com.app.qa.testcases.LoginPageTest@161b062a]" name="tearDown" is-config="true" duration-ms="2072" started-at="2021-03-16T13:09:47Z" finished-at="2021-03-16T13:09:49Z">
          <reporter-output>
          </reporter-output>
        </test-method> <!-- tearDown -->
        <test-method status="PASS" signature="Setup()[pri:0, instance:com.app.qa.testcases.LoginPageTest@161b062a]" name="Setup" is-config="true" duration-ms="29247" started-at="2021-03-16T13:09:49Z" finished-at="2021-03-16T13:10:19Z">
          <reporter-output>
          </reporter-output>
        </test-method> <!-- Setup -->
        <test-method status="PASS" signature="logintest()[pri:0, instance:com.app.qa.testcases.LoginPageTest@161b062a]" name="logintest" duration-ms="49509" started-at="2021-03-16T13:10:19Z" finished-at="2021-03-16T13:11:08Z">
          <reporter-output>
          </reporter-output>
        </test-method> <!-- logintest -->
        <test-method status="PASS" signature="tearDown()[pri:0, instance:com.app.qa.testcases.LoginPageTest@161b062a]" name="tearDown" is-config="true" duration-ms="1798" started-at="2021-03-16T13:11:08Z" finished-at="2021-03-16T13:11:10Z">
          <reporter-output>
          </reporter-output>
        </test-method> <!-- tearDown -->
      </class> <!-- com.app.qa.testcases.LoginPageTest -->
    </test> <!-- Free CRM App test cases -->
  </suite> <!-- Free CRM Application Test Automation Test Suite -->
</testng-results>
